<?xml version="1.0" encoding="UTF-8"?>
<testsuite name="LoginFunctionalityTest" tests="4" skipped="0" failures="0" errors="0" timestamp="2021-09-07T00:06:53" hostname="DESKTOP-SJJK7HM" time="8.278">
  <properties/>
  <testcase name="batLogin()" classname="LoginFunctionalityTest" time="3.622"/>
  <testcase name="successEnter()" classname="LoginFunctionalityTest" time="1.843"/>
  <testcase name="passwordRecovery()" classname="LoginFunctionalityTest" time="1.277"/>
  <testcase name="batPassword()" classname="LoginFunctionalityTest" time="1.535"/>
  <system-out><![CDATA[]]></system-out>
  <system-err><![CDATA[SLF4J: Failed to load class "org.slf4j.impl.StaticLoggerBinder".
SLF4J: Defaulting to no-operation (NOP) logger implementation
SLF4J: See http://www.slf4j.org/codes.html#StaticLoggerBinder for further details.
Starting ChromeDriver 92.0.4515.107 (87a818b10553a07434ea9e2b6dccf3cbe7895134-refs/branch-heads/4515@{#1634}) on port 15378
Only local connections are allowed.
Please see https://chromedriver.chromium.org/security-considerations for suggestions on keeping ChromeDriver safe.
ChromeDriver was started successfully.
сент. 07, 2021 3:06:54 AM org.openqa.selenium.remote.ProtocolHandshake createSession
INFO: Detected dialect: W3C
]]></system-err>
</testsuite>
