<?xml version="1.0" encoding="UTF-8"?>
<testsuite name="LoginFunctionalityTest" tests="3" skipped="0" failures="0" errors="0" timestamp="2021-09-06T21:52:33" hostname="DESKTOP-SJJK7HM" time="10.307">
  <properties/>
  <testcase name="passvordRecovery()" classname="LoginFunctionalityTest" time="4.367"/>
  <testcase name="positiveTest()" classname="LoginFunctionalityTest" time="3.638"/>
  <testcase name="negativeTest()" classname="LoginFunctionalityTest" time="2.302"/>
  <system-out><![CDATA[]]></system-out>
  <system-err><![CDATA[SLF4J: Failed to load class "org.slf4j.impl.StaticLoggerBinder".
SLF4J: Defaulting to no-operation (NOP) logger implementation
SLF4J: See http://www.slf4j.org/codes.html#StaticLoggerBinder for further details.
Starting ChromeDriver 92.0.4515.107 (87a818b10553a07434ea9e2b6dccf3cbe7895134-refs/branch-heads/4515@{#1634}) on port 35081
Only local connections are allowed.
Please see https://chromedriver.chromium.org/security-considerations for suggestions on keeping ChromeDriver safe.
ChromeDriver was started successfully.
сент. 07, 2021 12:52:34 AM org.openqa.selenium.remote.ProtocolHandshake createSession
INFO: Detected dialect: W3C
]]></system-err>
</testsuite>
